# JRE version: OpenJDK Runtime Environment Temurin-17.0.18+8 (17.0.18+8) (build 17.0.18+8)
# Java VM: OpenJDK 64-Bit Server VM Temurin-17.0.18+8 (17.0.18+8, mixed mode, sharing, tiered, compressed oops, compressed class ptrs, g1 gc, linux-amd64)
GC Precious Log:
 CPUs: 12 total, 12 available
 Memory: 31729M
 Large Page Support: Disabled
 NUMA Support: Disabled
 Compressed Oops: Enabled (Zero based)
 Heap Region Size: 4M
 Heap Min Capacity: 8M
 Heap Initial Capacity: 496M
 Heap Max Capacity: 7936M
 Pre-touch: Disabled
 Parallel Workers: 10
 Concurrent Workers: 3
 Concurrent Refinement Workers: 10
 Periodic GC: Disabled
Heap:
 garbage-first heap   total 81920K, used 26448K [0x0000000610000000, 0x0000000800000000)
  region size 4096K, 6 young (24576K), 1 survivors (4096K)
 Metaspace       used 24615K, committed 24960K, reserved 1114112K
  class space    used 2553K, committed 2688K, reserved 1048576K
GC Heap History (6 events):
Event: 0,620 GC heap before
{Heap before GC invocations=0 (full 0):
 garbage-first heap   total 516096K, used 28596K [0x0000000610000000, 0x0000000800000000)
  region size 4096K, 6 young (24576K), 0 survivors (0K)
 Metaspace       used 9035K, committed 9280K, reserved 1114112K
  class space    used 795K, committed 896K, reserved 1048576K
}
Event: 0,622 GC heap after
{Heap after GC invocations=1 (full 0):
 garbage-first heap   total 516096K, used 8240K [0x0000000610000000, 0x0000000800000000)
  region size 4096K, 1 young (4096K), 1 survivors (4096K)
 Metaspace       used 9035K, committed 9280K, reserved 1114112K
  class space    used 795K, committed 896K, reserved 1048576K
}
Event: 0,839 GC heap before
{Heap before GC invocations=1 (full 0):
 garbage-first heap   total 516096K, used 32816K [0x0000000610000000, 0x0000000800000000)
  region size 4096K, 7 young (28672K), 1 survivors (4096K)
 Metaspace       used 16802K, committed 17088K, reserved 1114112K
  class space    used 1679K, committed 1792K, reserved 1048576K
}
Event: 0,841 GC heap after
{Heap after GC invocations=2 (full 0):
 garbage-first heap   total 516096K, used 9437K [0x0000000610000000, 0x0000000800000000)
  region size 4096K, 1 young (4096K), 1 survivors (4096K)
 Metaspace       used 16802K, committed 17088K, reserved 1114112K
  class space    used 1679K, committed 1792K, reserved 1048576K
}
Event: 1,045 GC heap before
{Heap before GC invocations=2 (full 0):
 garbage-first heap   total 516096K, used 21725K [0x0000000610000000, 0x0000000800000000)
  region size 4096K, 5 young (20480K), 1 survivors (4096K)
 Metaspace       used 21247K, committed 21504K, reserved 1114112K
  class space    used 2142K, committed 2304K, reserved 1048576K
}
Event: 1,047 GC heap after
{Heap after GC invocations=3 (full 0):
 garbage-first heap   total 516096K, used 10064K [0x0000000610000000, 0x0000000800000000)
  region size 4096K, 1 young (4096K), 1 survivors (4096K)
 Metaspace       used 21247K, committed 21504K, reserved 1114112K
  class space    used 2142K, committed 2304K, reserved 1048576K
}

